node:internal/modules/cjs/loader:1215
  throw err;
  ^

Error: Cannot find module '/home/randiant/mytaxi.randiantrise.co.in//app.js'
Require stack:
- /usr/local/lsws/fcgi-bin/lsnode.js
    at Module._resolveFilename (node:internal/modules/cjs/loader:1212:15)
    at Module._load (node:internal/modules/cjs/loader:1043:27)
    at Module.require (node:internal/modules/cjs/loader:1298:19)
    at require (node:internal/modules/helpers:182:18)
    at startApplication (/usr/local/lsws/fcgi-bin/lsnode.js:48:15)
    at Object.<anonymous> (/usr/local/lsws/fcgi-bin/lsnode.js:16:1)
    at Module._compile (node:internal/modules/cjs/loader:1529:14)
    at Module._extensions..js (node:internal/modules/cjs/loader:1613:10)
    at Module.load (node:internal/modules/cjs/loader:1275:32)
    at Module._load (node:internal/modules/cjs/loader:1096:12) {
  code: 'MODULE_NOT_FOUND',
  requireStack: [ '/usr/local/lsws/fcgi-bin/lsnode.js' ]
}

Node.js v20.19.4
Database insert error: Error: Incorrect double value: '' for column `randiant_my_taxi`.`tbl_rental`.`extra_charge` at row 1
    at PromisePool.query (/home/randiant/nodevenv/mytaxi.randiantrise.co.in/20/lib/node_modules/mysql2/lib/promise/pool.js:36:22)
    at mySqlQury (/home/randiant/mytaxi.randiantrise.co.in/middleware/databse_query.js:3:37)
    at DataInsert (/home/randiant/mytaxi.randiantrise.co.in/middleware/databse_query.js:20:22)
    at /home/randiant/mytaxi.randiantrise.co.in/router/rental.js:85:19
    at Layer.handle [as handle_request] (/home/randiant/nodevenv/mytaxi.randiantrise.co.in/20/lib/node_modules/express/lib/router/layer.js:95:5)
    at next (/home/randiant/nodevenv/mytaxi.randiantrise.co.in/20/lib/node_modules/express/lib/router/route.js:149:13)
    at done (/home/randiant/nodevenv/mytaxi.randiantrise.co.in/20/lib/node_modules/multer/lib/make-middleware.js:47:7)
    at indicateDone (/home/randiant/nodevenv/mytaxi.randiantrise.co.in/20/lib/node_modules/multer/lib/make-middleware.js:51:68)
    at /home/randiant/nodevenv/mytaxi.randiantrise.co.in/20/lib/node_modules/multer/lib/make-middleware.js:157:11
    at WriteStream.<anonymous> (/home/randiant/nodevenv/mytaxi.randiantrise.co.in/20/lib/node_modules/multer/storage/disk.js:43:9)
    at WriteStream.emit (node:events:536:35)
    at finish (node:internal/streams/writable:955:10)
    at node:internal/streams/writable:936:13
    at process.processTicksAndRejections (node:internal/process/task_queues:82:21) {
  code: 'ER_TRUNCATED_WRONG_VALUE_FOR_FIELD',
  errno: 1366,
  sql: 'INSERT INTO tbl_rental (image, name, per_hour_charge, per_hour_discount, num_of_hour, min_far_limit_km, after_min_charge, after_km_charge, comission_rate, comission_type, extra_charge, \n' +
    "            vehicle, bidding, minimum_fare, maximum_fare, whether_charge, status) VALUES ('uploads/rental/1764348007014download (2).jpg', 'Sedan Package', '300', '2', '5', '100', '10', '14', \n" +
    "            '10', '%', '', '[17]', '1', '1200', '99999', '1', '1')",
  sqlState: '22007',
  sqlMessage: "Incorrect double value: '' for column `randiant_my_taxi`.`tbl_rental`.`extra_charge` at row 1"
}
Database insert error: Error: Incorrect double value: '' for column `randiant_my_taxi`.`tbl_rental`.`extra_charge` at row 1
    at PromisePool.query (/home/randiant/nodevenv/mytaxi.randiantrise.co.in/20/lib/node_modules/mysql2/lib/promise/pool.js:36:22)
    at mySqlQury (/home/randiant/mytaxi.randiantrise.co.in/middleware/databse_query.js:3:37)
    at DataInsert (/home/randiant/mytaxi.randiantrise.co.in/middleware/databse_query.js:20:22)
    at /home/randiant/mytaxi.randiantrise.co.in/router/rental.js:85:19
    at Layer.handle [as handle_request] (/home/randiant/nodevenv/mytaxi.randiantrise.co.in/20/lib/node_modules/express/lib/router/layer.js:95:5)
    at next (/home/randiant/nodevenv/mytaxi.randiantrise.co.in/20/lib/node_modules/express/lib/router/route.js:149:13)
    at done (/home/randiant/nodevenv/mytaxi.randiantrise.co.in/20/lib/node_modules/multer/lib/make-middleware.js:47:7)
    at indicateDone (/home/randiant/nodevenv/mytaxi.randiantrise.co.in/20/lib/node_modules/multer/lib/make-middleware.js:51:68)
    at /home/randiant/nodevenv/mytaxi.randiantrise.co.in/20/lib/node_modules/multer/lib/make-middleware.js:157:11
    at WriteStream.<anonymous> (/home/randiant/nodevenv/mytaxi.randiantrise.co.in/20/lib/node_modules/multer/storage/disk.js:43:9)
    at WriteStream.emit (node:events:536:35)
    at finish (node:internal/streams/writable:955:10)
    at node:internal/streams/writable:936:13
    at process.processTicksAndRejections (node:internal/process/task_queues:82:21) {
  code: 'ER_TRUNCATED_WRONG_VALUE_FOR_FIELD',
  errno: 1366,
  sql: 'INSERT INTO tbl_rental (image, name, per_hour_charge, per_hour_discount, num_of_hour, min_far_limit_km, after_min_charge, after_km_charge, comission_rate, comission_type, extra_charge, \n' +
    "            vehicle, bidding, minimum_fare, maximum_fare, whether_charge, status) VALUES ('uploads/rental/1764348022931download (2).jpg', 'Sedan Package', '300', '2', '5', '100', '10', '14', \n" +
    "            '10', '%', '', '[17]', '1', '1200', '99999', '1', '1')",
  sqlState: '22007',
  sqlMessage: "Incorrect double value: '' for column `randiant_my_taxi`.`tbl_rental`.`extra_charge` at row 1"
}
Database insert error: Error: Incorrect double value: '' for column `randiant_my_taxi`.`tbl_rental`.`extra_charge` at row 1
    at PromisePool.query (/home/randiant/nodevenv/mytaxi.randiantrise.co.in/20/lib/node_modules/mysql2/lib/promise/pool.js:36:22)
    at mySqlQury (/home/randiant/mytaxi.randiantrise.co.in/middleware/databse_query.js:3:37)
    at DataInsert (/home/randiant/mytaxi.randiantrise.co.in/middleware/databse_query.js:20:22)
    at /home/randiant/mytaxi.randiantrise.co.in/router/rental.js:85:19
    at Layer.handle [as handle_request] (/home/randiant/nodevenv/mytaxi.randiantrise.co.in/20/lib/node_modules/express/lib/router/layer.js:95:5)
    at next (/home/randiant/nodevenv/mytaxi.randiantrise.co.in/20/lib/node_modules/express/lib/router/route.js:149:13)
    at done (/home/randiant/nodevenv/mytaxi.randiantrise.co.in/20/lib/node_modules/multer/lib/make-middleware.js:47:7)
    at indicateDone (/home/randiant/nodevenv/mytaxi.randiantrise.co.in/20/lib/node_modules/multer/lib/make-middleware.js:51:68)
    at /home/randiant/nodevenv/mytaxi.randiantrise.co.in/20/lib/node_modules/multer/lib/make-middleware.js:157:11
    at WriteStream.<anonymous> (/home/randiant/nodevenv/mytaxi.randiantrise.co.in/20/lib/node_modules/multer/storage/disk.js:43:9)
    at WriteStream.emit (node:events:536:35)
    at finish (node:internal/streams/writable:955:10)
    at node:internal/streams/writable:936:13
    at process.processTicksAndRejections (node:internal/process/task_queues:82:21) {
  code: 'ER_TRUNCATED_WRONG_VALUE_FOR_FIELD',
  errno: 1366,
  sql: 'INSERT INTO tbl_rental (image, name, per_hour_charge, per_hour_discount, num_of_hour, min_far_limit_km, after_min_charge, after_km_charge, comission_rate, comission_type, extra_charge, \n' +
    "            vehicle, bidding, minimum_fare, maximum_fare, whether_charge, status) VALUES ('uploads/rental/1764348120445download (2).jpg', 'Sedan 5 Hrs Package', '200', '2', '5', '800', '2', '12', \n" +
    "            '12', '%', '', '[17,18]', '1', '1200', '9999', '1', '1')",
  sqlState: '22007',
  sqlMessage: "Incorrect double value: '' for column `randiant_my_taxi`.`tbl_rental`.`extra_charge` at row 1"
}
Database insert error: Error: Incorrect double value: '' for column `randiant_my_taxi`.`tbl_rental`.`extra_charge` at row 1
    at PromisePool.query (/home/randiant/nodevenv/mytaxi.randiantrise.co.in/20/lib/node_modules/mysql2/lib/promise/pool.js:36:22)
    at mySqlQury (/home/randiant/mytaxi.randiantrise.co.in/middleware/databse_query.js:3:37)
    at DataInsert (/home/randiant/mytaxi.randiantrise.co.in/middleware/databse_query.js:20:22)
    at /home/randiant/mytaxi.randiantrise.co.in/router/rental.js:85:19
    at Layer.handle [as handle_request] (/home/randiant/nodevenv/mytaxi.randiantrise.co.in/20/lib/node_modules/express/lib/router/layer.js:95:5)
    at next (/home/randiant/nodevenv/mytaxi.randiantrise.co.in/20/lib/node_modules/express/lib/router/route.js:149:13)
    at done (/home/randiant/nodevenv/mytaxi.randiantrise.co.in/20/lib/node_modules/multer/lib/make-middleware.js:47:7)
    at indicateDone (/home/randiant/nodevenv/mytaxi.randiantrise.co.in/20/lib/node_modules/multer/lib/make-middleware.js:51:68)
    at /home/randiant/nodevenv/mytaxi.randiantrise.co.in/20/lib/node_modules/multer/lib/make-middleware.js:157:11
    at WriteStream.<anonymous> (/home/randiant/nodevenv/mytaxi.randiantrise.co.in/20/lib/node_modules/multer/storage/disk.js:43:9)
    at WriteStream.emit (node:events:536:35)
    at finish (node:internal/streams/writable:955:10)
    at node:internal/streams/writable:936:13
    at process.processTicksAndRejections (node:internal/process/task_queues:82:21) {
  code: 'ER_TRUNCATED_WRONG_VALUE_FOR_FIELD',
  errno: 1366,
  sql: 'INSERT INTO tbl_rental (image, name, per_hour_charge, per_hour_discount, num_of_hour, min_far_limit_km, after_min_charge, after_km_charge, comission_rate, comission_type, extra_charge, \n' +
    "            vehicle, bidding, minimum_fare, maximum_fare, whether_charge, status) VALUES ('uploads/rental/1764348120846download (2).jpg', 'Sedan 5 Hrs Package', '200', '2', '5', '800', '2', '12', \n" +
    "            '12', '%', '', '[17,18]', '1', '1200', '9999', '1', '1')",
  sqlState: '22007',
  sqlMessage: "Incorrect double value: '' for column `randiant_my_taxi`.`tbl_rental`.`extra_charge` at row 1"
}
Database insert error: Error: You have an error in your SQL syntax; check the manual that corresponds to your MariaDB server version for the right syntax to use near 'Registration Number'')' at line 1
    at PromisePool.query (/home/randiant/nodevenv/mytaxi.randiantrise.co.in/20/lib/node_modules/mysql2/lib/promise/pool.js:36:22)
    at mySqlQury (/home/randiant/mytaxi.randiantrise.co.in/middleware/databse_query.js:3:37)
    at DataInsert (/home/randiant/mytaxi.randiantrise.co.in/middleware/databse_query.js:20:22)
    at /home/randiant/mytaxi.randiantrise.co.in/router/driver.js:97:19
    at Layer.handle [as handle_request] (/home/randiant/nodevenv/mytaxi.randiantrise.co.in/20/lib/node_modules/express/lib/router/layer.js:95:5)
    at next (/home/randiant/nodevenv/mytaxi.randiantrise.co.in/20/lib/node_modules/express/lib/router/route.js:149:13)
    at auth (/home/randiant/mytaxi.randiantrise.co.in/middleware/auth.js:66:9)
    at process.processTicksAndRejections (node:internal/process/task_queues:95:5) {
  code: 'ER_PARSE_ERROR',
  errno: 1064,
  sql: "INSERT INTO tbl_document_setting (name, require_image_side, input_require, status, req_field_name) VALUES ('Vehicle RC', 1, 1, '1', ''Registration Number'')",
  sqlState: '42000',
  sqlMessage: "You have an error in your SQL syntax; check the manual that corresponds to your MariaDB server version for the right syntax to use near 'Registration Number'')' at line 1"
}
Database find error: Error: Unknown column 'NaN' in 'WHERE'
    at PromisePool.query (/home/randiant/nodevenv/mytaxi.randiantrise.co.in/20/lib/node_modules/mysql2/lib/promise/pool.js:36:22)
    at mySqlQury (/home/randiant/mytaxi.randiantrise.co.in/middleware/databse_query.js:3:37)
    at DataFind (/home/randiant/mytaxi.randiantrise.co.in/middleware/databse_query.js:9:22)
    at Object.CheckZone (/home/randiant/mytaxi.randiantrise.co.in/route_function/function.js:196:26)
    at /home/randiant/mytaxi.randiantrise.co.in/route_mobile/customer_api.js:480:43
    at process.processTicksAndRejections (node:internal/process/task_queues:95:5) {
  code: 'ER_BAD_FIELD_ERROR',
  errno: 1054,
  sql: 'SELECT id FROM tbl_zone AS dzon\n' +
    '                                    WHERE MBRContains(\n' +
    '                                        dzon.lat_lon_polygon,\n' +
    "                                        ST_GeomFromText(CONCAT('POINT(', NaN, ' ', NaN, ')'), 4326)\n" +
    '                                    )\n' +
    '                                    LIMIT 1',
  sqlState: '42S22',
  sqlMessage: "Unknown column 'NaN' in 'WHERE'"
}
Error: Unknown column 'NaN' in 'WHERE'
    at PromisePool.query (/home/randiant/nodevenv/mytaxi.randiantrise.co.in/20/lib/node_modules/mysql2/lib/promise/pool.js:36:22)
    at mySqlQury (/home/randiant/mytaxi.randiantrise.co.in/middleware/databse_query.js:3:37)
    at DataFind (/home/randiant/mytaxi.randiantrise.co.in/middleware/databse_query.js:9:22)
    at Object.CheckZone (/home/randiant/mytaxi.randiantrise.co.in/route_function/function.js:196:26)
    at /home/randiant/mytaxi.randiantrise.co.in/route_mobile/customer_api.js:480:43
    at process.processTicksAndRejections (node:internal/process/task_queues:95:5) {
  code: 'ER_BAD_FIELD_ERROR',
  errno: 1054,
  sql: 'SELECT id FROM tbl_zone AS dzon\n' +
    '                                    WHERE MBRContains(\n' +
    '                                        dzon.lat_lon_polygon,\n' +
    "                                        ST_GeomFromText(CONCAT('POINT(', NaN, ' ', NaN, ')'), 4326)\n" +
    '                                    )\n' +
    '                                    LIMIT 1',
  sqlState: '42S22',
  sqlMessage: "Unknown column 'NaN' in 'WHERE'"
}
Database find error: Error: Unknown column 'NaN' in 'WHERE'
    at PromisePool.query (/home/randiant/nodevenv/mytaxi.randiantrise.co.in/20/lib/node_modules/mysql2/lib/promise/pool.js:36:22)
    at mySqlQury (/home/randiant/mytaxi.randiantrise.co.in/middleware/databse_query.js:3:37)
    at DataFind (/home/randiant/mytaxi.randiantrise.co.in/middleware/databse_query.js:9:22)
    at Object.CheckZone (/home/randiant/mytaxi.randiantrise.co.in/route_function/function.js:196:26)
    at /home/randiant/mytaxi.randiantrise.co.in/route_mobile/customer_api.js:480:43
    at process.processTicksAndRejections (node:internal/process/task_queues:95:5) {
  code: 'ER_BAD_FIELD_ERROR',
  errno: 1054,
  sql: 'SELECT id FROM tbl_zone AS dzon\n' +
    '                                    WHERE MBRContains(\n' +
    '                                        dzon.lat_lon_polygon,\n' +
    "                                        ST_GeomFromText(CONCAT('POINT(', NaN, ' ', NaN, ')'), 4326)\n" +
    '                                    )\n' +
    '                                    LIMIT 1',
  sqlState: '42S22',
  sqlMessage: "Unknown column 'NaN' in 'WHERE'"
}
Error: Unknown column 'NaN' in 'WHERE'
    at PromisePool.query (/home/randiant/nodevenv/mytaxi.randiantrise.co.in/20/lib/node_modules/mysql2/lib/promise/pool.js:36:22)
    at mySqlQury (/home/randiant/mytaxi.randiantrise.co.in/middleware/databse_query.js:3:37)
    at DataFind (/home/randiant/mytaxi.randiantrise.co.in/middleware/databse_query.js:9:22)
    at Object.CheckZone (/home/randiant/mytaxi.randiantrise.co.in/route_function/function.js:196:26)
    at /home/randiant/mytaxi.randiantrise.co.in/route_mobile/customer_api.js:480:43
    at process.processTicksAndRejections (node:internal/process/task_queues:95:5) {
  code: 'ER_BAD_FIELD_ERROR',
  errno: 1054,
  sql: 'SELECT id FROM tbl_zone AS dzon\n' +
    '                                    WHERE MBRContains(\n' +
    '                                        dzon.lat_lon_polygon,\n' +
    "                                        ST_GeomFromText(CONCAT('POINT(', NaN, ' ', NaN, ')'), 4326)\n" +
    '                                    )\n' +
    '                                    LIMIT 1',
  sqlState: '42S22',
  sqlMessage: "Unknown column 'NaN' in 'WHERE'"
}
Database find error: Error: Unknown column 'NaN' in 'WHERE'
    at PromisePool.query (/home/randiant/nodevenv/mytaxi.randiantrise.co.in/20/lib/node_modules/mysql2/lib/promise/pool.js:36:22)
    at mySqlQury (/home/randiant/mytaxi.randiantrise.co.in/middleware/databse_query.js:3:37)
    at DataFind (/home/randiant/mytaxi.randiantrise.co.in/middleware/databse_query.js:9:22)
    at Object.CheckZone (/home/randiant/mytaxi.randiantrise.co.in/route_function/function.js:196:26)
    at /home/randiant/mytaxi.randiantrise.co.in/route_mobile/customer_api.js:480:43
    at process.processTicksAndRejections (node:internal/process/task_queues:95:5) {
  code: 'ER_BAD_FIELD_ERROR',
  errno: 1054,
  sql: 'SELECT id FROM tbl_zone AS dzon\n' +
    '                                    WHERE MBRContains(\n' +
    '                                        dzon.lat_lon_polygon,\n' +
    "                                        ST_GeomFromText(CONCAT('POINT(', NaN, ' ', NaN, ')'), 4326)\n" +
    '                                    )\n' +
    '                                    LIMIT 1',
  sqlState: '42S22',
  sqlMessage: "Unknown column 'NaN' in 'WHERE'"
}
Error: Unknown column 'NaN' in 'WHERE'
    at PromisePool.query (/home/randiant/nodevenv/mytaxi.randiantrise.co.in/20/lib/node_modules/mysql2/lib/promise/pool.js:36:22)
    at mySqlQury (/home/randiant/mytaxi.randiantrise.co.in/middleware/databse_query.js:3:37)
    at DataFind (/home/randiant/mytaxi.randiantrise.co.in/middleware/databse_query.js:9:22)
    at Object.CheckZone (/home/randiant/mytaxi.randiantrise.co.in/route_function/function.js:196:26)
    at /home/randiant/mytaxi.randiantrise.co.in/route_mobile/customer_api.js:480:43
    at process.processTicksAndRejections (node:internal/process/task_queues:95:5) {
  code: 'ER_BAD_FIELD_ERROR',
  errno: 1054,
  sql: 'SELECT id FROM tbl_zone AS dzon\n' +
    '                                    WHERE MBRContains(\n' +
    '                                        dzon.lat_lon_polygon,\n' +
    "                                        ST_GeomFromText(CONCAT('POINT(', NaN, ' ', NaN, ')'), 4326)\n" +
    '                                    )\n' +
    '                                    LIMIT 1',
  sqlState: '42S22',
  sqlMessage: "Unknown column 'NaN' in 'WHERE'"
}
Database insert error: Error: Incorrect double value: '' for column `randiant_my_taxi`.`tbl_rental`.`per_hour_discount` at row 1
    at PromisePool.query (/home/randiant/nodevenv/mytaxi.randiantrise.co.in/20/lib/node_modules/mysql2/lib/promise/pool.js:36:22)
    at mySqlQury (/home/randiant/mytaxi.randiantrise.co.in/middleware/databse_query.js:3:37)
    at DataInsert (/home/randiant/mytaxi.randiantrise.co.in/middleware/databse_query.js:20:22)
    at /home/randiant/mytaxi.randiantrise.co.in/router/rental.js:85:19
    at Layer.handle [as handle_request] (/home/randiant/nodevenv/mytaxi.randiantrise.co.in/20/lib/node_modules/express/lib/router/layer.js:95:5)
    at next (/home/randiant/nodevenv/mytaxi.randiantrise.co.in/20/lib/node_modules/express/lib/router/route.js:149:13)
    at done (/home/randiant/nodevenv/mytaxi.randiantrise.co.in/20/lib/node_modules/multer/lib/make-middleware.js:47:7)
    at indicateDone (/home/randiant/nodevenv/mytaxi.randiantrise.co.in/20/lib/node_modules/multer/lib/make-middleware.js:51:68)
    at Multipart.<anonymous> (/home/randiant/nodevenv/mytaxi.randiantrise.co.in/20/lib/node_modules/multer/lib/make-middleware.js:168:7)
    at Multipart.emit (node:events:524:28)
    at emitCloseNT (node:internal/streams/destroy:147:10)
    at process.processTicksAndRejections (node:internal/process/task_queues:81:21) {
  code: 'ER_TRUNCATED_WRONG_VALUE_FOR_FIELD',
  errno: 1366,
  sql: 'INSERT INTO tbl_rental (image, name, per_hour_charge, per_hour_discount, num_of_hour, min_far_limit_km, after_min_charge, after_km_charge, comission_rate, comission_type, extra_charge, \n' +
    "            vehicle, bidding, minimum_fare, maximum_fare, whether_charge, status) VALUES ('null', '1 Hourse', '100', '', '1', '450', '21', '110', \n" +
    "            '10', 'FIX', '10', '[18]', '0', '', '', '0', '0')",
  sqlState: '22007',
  sqlMessage: "Incorrect double value: '' for column `randiant_my_taxi`.`tbl_rental`.`per_hour_discount` at row 1"
}
Database insert error: Error: Incorrect double value: '' for column `randiant_my_taxi`.`tbl_rental`.`per_hour_discount` at row 1
    at PromisePool.query (/home/randiant/nodevenv/mytaxi.randiantrise.co.in/20/lib/node_modules/mysql2/lib/promise/pool.js:36:22)
    at mySqlQury (/home/randiant/mytaxi.randiantrise.co.in/middleware/databse_query.js:3:37)
    at DataInsert (/home/randiant/mytaxi.randiantrise.co.in/middleware/databse_query.js:20:22)
    at /home/randiant/mytaxi.randiantrise.co.in/router/rental.js:85:19
    at Layer.handle [as handle_request] (/home/randiant/nodevenv/mytaxi.randiantrise.co.in/20/lib/node_modules/express/lib/router/layer.js:95:5)
    at next (/home/randiant/nodevenv/mytaxi.randiantrise.co.in/20/lib/node_modules/express/lib/router/route.js:149:13)
    at done (/home/randiant/nodevenv/mytaxi.randiantrise.co.in/20/lib/node_modules/multer/lib/make-middleware.js:47:7)
    at indicateDone (/home/randiant/nodevenv/mytaxi.randiantrise.co.in/20/lib/node_modules/multer/lib/make-middleware.js:51:68)
    at /home/randiant/nodevenv/mytaxi.randiantrise.co.in/20/lib/node_modules/multer/lib/make-middleware.js:157:11
    at WriteStream.<anonymous> (/home/randiant/nodevenv/mytaxi.randiantrise.co.in/20/lib/node_modules/multer/storage/disk.js:43:9)
    at WriteStream.emit (node:events:536:35)
    at finish (node:internal/streams/writable:955:10)
    at node:internal/streams/writable:936:13
    at process.processTicksAndRejections (node:internal/process/task_queues:82:21) {
  code: 'ER_TRUNCATED_WRONG_VALUE_FOR_FIELD',
  errno: 1366,
  sql: 'INSERT INTO tbl_rental (image, name, per_hour_charge, per_hour_discount, num_of_hour, min_far_limit_km, after_min_charge, after_km_charge, comission_rate, comission_type, extra_charge, \n' +
    "            vehicle, bidding, minimum_fare, maximum_fare, whether_charge, status) VALUES ('uploads/rental/1764475231889download (2).jpg', '1 Hourse', '100', '', '1', '450', '21', '110', \n" +
    "            '10', 'FIX', '10', '[18]', '0', '', '', '0', '0')",
  sqlState: '22007',
  sqlMessage: "Incorrect double value: '' for column `randiant_my_taxi`.`tbl_rental`.`per_hour_discount` at row 1"
}
{
  errors: [
    'Request is malformed: Failed to parse app_id from request',
    'Failed to parse app_id from request (app_id is present but malformed)'
  ]
}
Database find error: Error: Incorrect parameter count in the call to native function 'ST_SRID'
    at PromisePool.query (/home/randiant/nodevenv/mytaxi.randiantrise.co.in/20/lib/node_modules/mysql2/lib/promise/pool.js:36:22)
    at mySqlQury (/home/randiant/mytaxi.randiantrise.co.in/middleware/databse_query.js:3:37)
    at DataFind (/home/randiant/mytaxi.randiantrise.co.in/middleware/databse_query.js:9:22)
    at Object.CheckZone (/home/randiant/mytaxi.randiantrise.co.in/route_function/function.js:203:26)
    at /home/randiant/mytaxi.randiantrise.co.in/route_mobile/customer_api.js:591:47
    at process.processTicksAndRejections (node:internal/process/task_queues:95:5) {
  code: 'ER_WRONG_PARAMCOUNT_TO_NATIVE_FCT',
  errno: 1582,
  sql: '\n' +
    '            SELECT id \n' +
    '            FROM tbl_zone AS dzon\n' +
    '            WHERE MBRContains(\n' +
    '                dzon.lat_lon_polygon,\n' +
    '                ST_SRID(\n' +
    "                    ST_GeomFromText('POINT(0 0)'),\n" +
    '                    4326\n' +
    '                )\n' +
    '            )\n' +
    '            LIMIT 1\n' +
    '        ',
  sqlState: '42000',
  sqlMessage: "Incorrect parameter count in the call to native function 'ST_SRID'"
}
Error: Incorrect parameter count in the call to native function 'ST_SRID'
    at PromisePool.query (/home/randiant/nodevenv/mytaxi.randiantrise.co.in/20/lib/node_modules/mysql2/lib/promise/pool.js:36:22)
    at mySqlQury (/home/randiant/mytaxi.randiantrise.co.in/middleware/databse_query.js:3:37)
    at DataFind (/home/randiant/mytaxi.randiantrise.co.in/middleware/databse_query.js:9:22)
    at Object.CheckZone (/home/randiant/mytaxi.randiantrise.co.in/route_function/function.js:203:26)
    at /home/randiant/mytaxi.randiantrise.co.in/route_mobile/customer_api.js:591:47
    at process.processTicksAndRejections (node:internal/process/task_queues:95:5) {
  code: 'ER_WRONG_PARAMCOUNT_TO_NATIVE_FCT',
  errno: 1582,
  sql: '\n' +
    '            SELECT id \n' +
    '            FROM tbl_zone AS dzon\n' +
    '            WHERE MBRContains(\n' +
    '                dzon.lat_lon_polygon,\n' +
    '                ST_SRID(\n' +
    "                    ST_GeomFromText('POINT(0 0)'),\n" +
    '                    4326\n' +
    '                )\n' +
    '            )\n' +
    '            LIMIT 1\n' +
    '        ',
  sqlState: '42000',
  sqlMessage: "Incorrect parameter count in the call to native function 'ST_SRID'"
}
Database find error: Error: Incorrect parameter count in the call to native function 'ST_SRID'
    at PromisePool.query (/home/randiant/nodevenv/mytaxi.randiantrise.co.in/20/lib/node_modules/mysql2/lib/promise/pool.js:36:22)
    at mySqlQury (/home/randiant/mytaxi.randiantrise.co.in/middleware/databse_query.js:3:37)
    at DataFind (/home/randiant/mytaxi.randiantrise.co.in/middleware/databse_query.js:9:22)
    at Object.CheckZone (/home/randiant/mytaxi.randiantrise.co.in/route_function/function.js:203:26)
    at /home/randiant/mytaxi.randiantrise.co.in/route_mobile/customer_api.js:480:43
    at process.processTicksAndRejections (node:internal/process/task_queues:95:5) {
  code: 'ER_WRONG_PARAMCOUNT_TO_NATIVE_FCT',
  errno: 1582,
  sql: '\n' +
    '            SELECT id \n' +
    '            FROM tbl_zone AS dzon\n' +
    '            WHERE MBRContains(\n' +
    '                dzon.lat_lon_polygon,\n' +
    '                ST_SRID(\n' +
    "                    ST_GeomFromText('POINT(80.1492196 13.1247598)'),\n" +
    '                    4326\n' +
    '                )\n' +
    '            )\n' +
    '            LIMIT 1\n' +
    '        ',
  sqlState: '42000',
  sqlMessage: "Incorrect parameter count in the call to native function 'ST_SRID'"
}
Error: Incorrect parameter count in the call to native function 'ST_SRID'
    at PromisePool.query (/home/randiant/nodevenv/mytaxi.randiantrise.co.in/20/lib/node_modules/mysql2/lib/promise/pool.js:36:22)
    at mySqlQury (/home/randiant/mytaxi.randiantrise.co.in/middleware/databse_query.js:3:37)
    at DataFind (/home/randiant/mytaxi.randiantrise.co.in/middleware/databse_query.js:9:22)
    at Object.CheckZone (/home/randiant/mytaxi.randiantrise.co.in/route_function/function.js:203:26)
    at /home/randiant/mytaxi.randiantrise.co.in/route_mobile/customer_api.js:480:43
    at process.processTicksAndRejections (node:internal/process/task_queues:95:5) {
  code: 'ER_WRONG_PARAMCOUNT_TO_NATIVE_FCT',
  errno: 1582,
  sql: '\n' +
    '            SELECT id \n' +
    '            FROM tbl_zone AS dzon\n' +
    '            WHERE MBRContains(\n' +
    '                dzon.lat_lon_polygon,\n' +
    '                ST_SRID(\n' +
    "                    ST_GeomFromText('POINT(80.1492196 13.1247598)'),\n" +
    '                    4326\n' +
    '                )\n' +
    '            )\n' +
    '            LIMIT 1\n' +
    '        ',
  sqlState: '42000',
  sqlMessage: "Incorrect parameter count in the call to native function 'ST_SRID'"
}
Database find error: Error: Incorrect parameter count in the call to native function 'ST_SRID'
    at PromisePool.query (/home/randiant/nodevenv/mytaxi.randiantrise.co.in/20/lib/node_modules/mysql2/lib/promise/pool.js:36:22)
    at mySqlQury (/home/randiant/mytaxi.randiantrise.co.in/middleware/databse_query.js:3:37)
    at DataFind (/home/randiant/mytaxi.randiantrise.co.in/middleware/databse_query.js:9:22)
    at Object.CheckZone (/home/randiant/mytaxi.randiantrise.co.in/route_function/function.js:203:26)
    at /home/randiant/mytaxi.randiantrise.co.in/route_mobile/customer_api.js:591:47
    at process.processTicksAndRejections (node:internal/process/task_queues:95:5) {
  code: 'ER_WRONG_PARAMCOUNT_TO_NATIVE_FCT',
  errno: 1582,
  sql: '\n' +
    '            SELECT id \n' +
    '            FROM tbl_zone AS dzon\n' +
    '            WHERE MBRContains(\n' +
    '                dzon.lat_lon_polygon,\n' +
    '                ST_SRID(\n' +
    "                    ST_GeomFromText('POINT(0 0)'),\n" +
    '                    4326\n' +
    '                )\n' +
    '            )\n' +
    '            LIMIT 1\n' +
    '        ',
  sqlState: '42000',
  sqlMessage: "Incorrect parameter count in the call to native function 'ST_SRID'"
}
Error: Incorrect parameter count in the call to native function 'ST_SRID'
    at PromisePool.query (/home/randiant/nodevenv/mytaxi.randiantrise.co.in/20/lib/node_modules/mysql2/lib/promise/pool.js:36:22)
    at mySqlQury (/home/randiant/mytaxi.randiantrise.co.in/middleware/databse_query.js:3:37)
    at DataFind (/home/randiant/mytaxi.randiantrise.co.in/middleware/databse_query.js:9:22)
    at Object.CheckZone (/home/randiant/mytaxi.randiantrise.co.in/route_function/function.js:203:26)
    at /home/randiant/mytaxi.randiantrise.co.in/route_mobile/customer_api.js:591:47
    at process.processTicksAndRejections (node:internal/process/task_queues:95:5) {
  code: 'ER_WRONG_PARAMCOUNT_TO_NATIVE_FCT',
  errno: 1582,
  sql: '\n' +
    '            SELECT id \n' +
    '            FROM tbl_zone AS dzon\n' +
    '            WHERE MBRContains(\n' +
    '                dzon.lat_lon_polygon,\n' +
    '                ST_SRID(\n' +
    "                    ST_GeomFromText('POINT(0 0)'),\n" +
    '                    4326\n' +
    '                )\n' +
    '            )\n' +
    '            LIMIT 1\n' +
    '        ',
  sqlState: '42000',
  sqlMessage: "Incorrect parameter count in the call to native function 'ST_SRID'"
}
Database find error: Error: Incorrect parameter count in the call to native function 'ST_SRID'
    at PromisePool.query (/home/randiant/nodevenv/mytaxi.randiantrise.co.in/20/lib/node_modules/mysql2/lib/promise/pool.js:36:22)
    at mySqlQury (/home/randiant/mytaxi.randiantrise.co.in/middleware/databse_query.js:3:37)
    at DataFind (/home/randiant/mytaxi.randiantrise.co.in/middleware/databse_query.js:9:22)
    at Object.CheckZone (/home/randiant/mytaxi.randiantrise.co.in/route_function/function.js:203:26)
    at /home/randiant/mytaxi.randiantrise.co.in/route_mobile/customer_api.js:480:43
    at process.processTicksAndRejections (node:internal/process/task_queues:95:5) {
  code: 'ER_WRONG_PARAMCOUNT_TO_NATIVE_FCT',
  errno: 1582,
  sql: '\n' +
    '            SELECT id \n' +
    '            FROM tbl_zone AS dzon\n' +
    '            WHERE MBRContains(\n' +
    '                dzon.lat_lon_polygon,\n' +
    '                ST_SRID(\n' +
    "                    ST_GeomFromText('POINT(80.1492337 13.1247398)'),\n" +
    '                    4326\n' +
    '                )\n' +
    '            )\n' +
    '            LIMIT 1\n' +
    '        ',
  sqlState: '42000',
  sqlMessage: "Incorrect parameter count in the call to native function 'ST_SRID'"
}
node:internal/process/promises:391
    triggerUncaughtException(err, true /* fromPromise */);
    ^

Error: Incorrect parameter count in the call to native function 'ST_SRID'
    at PromisePool.query (/home/randiant/nodevenv/mytaxi.randiantrise.co.in/20/lib/node_modules/mysql2/lib/promise/pool.js:36:22)
    at mySqlQury (/home/randiant/mytaxi.randiantrise.co.in/middleware/databse_query.js:3:37)
    at DataFind (/home/randiant/mytaxi.randiantrise.co.in/middleware/databse_query.js:9:22)
    at Object.CheckZone (/home/randiant/mytaxi.randiantrise.co.in/route_function/function.js:203:26)
    at /home/randiant/mytaxi.randiantrise.co.in/route_mobile/customer_api.js:480:43
    at process.processTicksAndRejections (node:internal/process/task_queues:95:5) {
  code: 'ER_WRONG_PARAMCOUNT_TO_NATIVE_FCT',
  errno: 1582,
  sql: '\n' +
    '            SELECT id \n' +
    '            FROM tbl_zone AS dzon\n' +
    '            WHERE MBRContains(\n' +
    '                dzon.lat_lon_polygon,\n' +
    '                ST_SRID(\n' +
    "                    ST_GeomFromText('POINT(80.1492337 13.1247398)'),\n" +
    '                    4326\n' +
    '                )\n' +
    '            )\n' +
    '            LIMIT 1\n' +
    '        ',
  sqlState: '42000',
  sqlMessage: "Incorrect parameter count in the call to native function 'ST_SRID'"
}

Node.js v20.19.4
Database find error: Error: Incorrect parameter count in the call to native function 'ST_SRID'
    at PromisePool.query (/home/randiant/nodevenv/mytaxi.randiantrise.co.in/20/lib/node_modules/mysql2/lib/promise/pool.js:36:22)
    at mySqlQury (/home/randiant/mytaxi.randiantrise.co.in/middleware/databse_query.js:3:37)
    at DataFind (/home/randiant/mytaxi.randiantrise.co.in/middleware/databse_query.js:9:22)
    at Object.CheckZone (/home/randiant/mytaxi.randiantrise.co.in/route_function/function.js:203:26)
    at /home/randiant/mytaxi.randiantrise.co.in/route_mobile/customer_api.js:480:43
    at process.processTicksAndRejections (node:internal/process/task_queues:95:5) {
  code: 'ER_WRONG_PARAMCOUNT_TO_NATIVE_FCT',
  errno: 1582,
  sql: '\n' +
    '            SELECT id \n' +
    '            FROM tbl_zone AS dzon\n' +
    '            WHERE MBRContains(\n' +
    '                dzon.lat_lon_polygon,\n' +
    '                ST_SRID(\n' +
    "                    ST_GeomFromText('POINT(80.1492337 13.1247398)'),\n" +
    '                    4326\n' +
    '                )\n' +
    '            )\n' +
    '            LIMIT 1\n' +
    '        ',
  sqlState: '42000',
  sqlMessage: "Incorrect parameter count in the call to native function 'ST_SRID'"
}
node:internal/process/promises:391
    triggerUncaughtException(err, true /* fromPromise */);
    ^

Error: Incorrect parameter count in the call to native function 'ST_SRID'
    at PromisePool.query (/home/randiant/nodevenv/mytaxi.randiantrise.co.in/20/lib/node_modules/mysql2/lib/promise/pool.js:36:22)
    at mySqlQury (/home/randiant/mytaxi.randiantrise.co.in/middleware/databse_query.js:3:37)
    at DataFind (/home/randiant/mytaxi.randiantrise.co.in/middleware/databse_query.js:9:22)
    at Object.CheckZone (/home/randiant/mytaxi.randiantrise.co.in/route_function/function.js:203:26)
    at /home/randiant/mytaxi.randiantrise.co.in/route_mobile/customer_api.js:480:43
    at process.processTicksAndRejections (node:internal/process/task_queues:95:5) {
  code: 'ER_WRONG_PARAMCOUNT_TO_NATIVE_FCT',
  errno: 1582,
  sql: '\n' +
    '            SELECT id \n' +
    '            FROM tbl_zone AS dzon\n' +
    '            WHERE MBRContains(\n' +
    '                dzon.lat_lon_polygon,\n' +
    '                ST_SRID(\n' +
    "                    ST_GeomFromText('POINT(80.1492337 13.1247398)'),\n" +
    '                    4326\n' +
    '                )\n' +
    '            )\n' +
    '            LIMIT 1\n' +
    '        ',
  sqlState: '42000',
  sqlMessage: "Incorrect parameter count in the call to native function 'ST_SRID'"
}

Node.js v20.19.4
Database find error: Error: Incorrect parameter count in the call to native function 'ST_SRID'
    at PromisePool.query (/home/randiant/nodevenv/mytaxi.randiantrise.co.in/20/lib/node_modules/mysql2/lib/promise/pool.js:36:22)
    at mySqlQury (/home/randiant/mytaxi.randiantrise.co.in/middleware/databse_query.js:3:37)
    at DataFind (/home/randiant/mytaxi.randiantrise.co.in/middleware/databse_query.js:9:22)
    at Object.CheckZone (/home/randiant/mytaxi.randiantrise.co.in/route_function/function.js:203:26)
    at /home/randiant/mytaxi.randiantrise.co.in/route_mobile/customer_api.js:480:43
    at process.processTicksAndRejections (node:internal/process/task_queues:95:5) {
  code: 'ER_WRONG_PARAMCOUNT_TO_NATIVE_FCT',
  errno: 1582,
  sql: '\n' +
    '            SELECT id \n' +
    '            FROM tbl_zone AS dzon\n' +
    '            WHERE MBRContains(\n' +
    '                dzon.lat_lon_polygon,\n' +
    '                ST_SRID(\n' +
    "                    ST_GeomFromText('POINT(80.1492337 13.1247398)'),\n" +
    '                    4326\n' +
    '                )\n' +
    '            )\n' +
    '            LIMIT 1\n' +
    '        ',
  sqlState: '42000',
  sqlMessage: "Incorrect parameter count in the call to native function 'ST_SRID'"
}
node:internal/process/promises:391
    triggerUncaughtException(err, true /* fromPromise */);
    ^

Error: Incorrect parameter count in the call to native function 'ST_SRID'
    at PromisePool.query (/home/randiant/nodevenv/mytaxi.randiantrise.co.in/20/lib/node_modules/mysql2/lib/promise/pool.js:36:22)
    at mySqlQury (/home/randiant/mytaxi.randiantrise.co.in/middleware/databse_query.js:3:37)
    at DataFind (/home/randiant/mytaxi.randiantrise.co.in/middleware/databse_query.js:9:22)
    at Object.CheckZone (/home/randiant/mytaxi.randiantrise.co.in/route_function/function.js:203:26)
    at /home/randiant/mytaxi.randiantrise.co.in/route_mobile/customer_api.js:480:43
    at process.processTicksAndRejections (node:internal/process/task_queues:95:5) {
  code: 'ER_WRONG_PARAMCOUNT_TO_NATIVE_FCT',
  errno: 1582,
  sql: '\n' +
    '            SELECT id \n' +
    '            FROM tbl_zone AS dzon\n' +
    '            WHERE MBRContains(\n' +
    '                dzon.lat_lon_polygon,\n' +
    '                ST_SRID(\n' +
    "                    ST_GeomFromText('POINT(80.1492337 13.1247398)'),\n" +
    '                    4326\n' +
    '                )\n' +
    '            )\n' +
    '            LIMIT 1\n' +
    '        ',
  sqlState: '42000',
  sqlMessage: "Incorrect parameter count in the call to native function 'ST_SRID'"
}

Node.js v20.19.4
Database find error: Error: Incorrect parameter count in the call to native function 'ST_SRID'
    at PromisePool.query (/home/randiant/nodevenv/mytaxi.randiantrise.co.in/20/lib/node_modules/mysql2/lib/promise/pool.js:36:22)
    at mySqlQury (/home/randiant/mytaxi.randiantrise.co.in/middleware/databse_query.js:3:37)
    at DataFind (/home/randiant/mytaxi.randiantrise.co.in/middleware/databse_query.js:9:22)
    at Object.CheckZone (/home/randiant/mytaxi.randiantrise.co.in/route_function/function.js:258:26)
    at /home/randiant/mytaxi.randiantrise.co.in/route_mobile/customer_api.js:591:47
    at process.processTicksAndRejections (node:internal/process/task_queues:95:5) {
  code: 'ER_WRONG_PARAMCOUNT_TO_NATIVE_FCT',
  errno: 1582,
  sql: '\n' +
    '            SELECT id \n' +
    '            FROM tbl_zone AS dzon\n' +
    '            WHERE ST_Contains(\n' +
    '                dzon.lat_lon_polygon,\n' +
    '                ST_SRID(\n' +
    "                    ST_GeomFromText('POINT(0 0)'),\n" +
    '                    4326\n' +
    '                )\n' +
    '            )\n' +
    '            LIMIT 1\n' +
    '        ',
  sqlState: '42000',
  sqlMessage: "Incorrect parameter count in the call to native function 'ST_SRID'"
}
Error: Incorrect parameter count in the call to native function 'ST_SRID'
    at PromisePool.query (/home/randiant/nodevenv/mytaxi.randiantrise.co.in/20/lib/node_modules/mysql2/lib/promise/pool.js:36:22)
    at mySqlQury (/home/randiant/mytaxi.randiantrise.co.in/middleware/databse_query.js:3:37)
    at DataFind (/home/randiant/mytaxi.randiantrise.co.in/middleware/databse_query.js:9:22)
    at Object.CheckZone (/home/randiant/mytaxi.randiantrise.co.in/route_function/function.js:258:26)
    at /home/randiant/mytaxi.randiantrise.co.in/route_mobile/customer_api.js:591:47
    at process.processTicksAndRejections (node:internal/process/task_queues:95:5) {
  code: 'ER_WRONG_PARAMCOUNT_TO_NATIVE_FCT',
  errno: 1582,
  sql: '\n' +
    '            SELECT id \n' +
    '            FROM tbl_zone AS dzon\n' +
    '            WHERE ST_Contains(\n' +
    '                dzon.lat_lon_polygon,\n' +
    '                ST_SRID(\n' +
    "                    ST_GeomFromText('POINT(0 0)'),\n" +
    '                    4326\n' +
    '                )\n' +
    '            )\n' +
    '            LIMIT 1\n' +
    '        ',
  sqlState: '42000',
  sqlMessage: "Incorrect parameter count in the call to native function 'ST_SRID'"
}
Database find error: Error: Incorrect parameter count in the call to native function 'ST_SRID'
    at PromisePool.query (/home/randiant/nodevenv/mytaxi.randiantrise.co.in/20/lib/node_modules/mysql2/lib/promise/pool.js:36:22)
    at mySqlQury (/home/randiant/mytaxi.randiantrise.co.in/middleware/databse_query.js:3:37)
    at DataFind (/home/randiant/mytaxi.randiantrise.co.in/middleware/databse_query.js:9:22)
    at Object.CheckZone (/home/randiant/mytaxi.randiantrise.co.in/route_function/function.js:258:26)
    at /home/randiant/mytaxi.randiantrise.co.in/route_mobile/customer_api.js:480:43
    at process.processTicksAndRejections (node:internal/process/task_queues:95:5) {
  code: 'ER_WRONG_PARAMCOUNT_TO_NATIVE_FCT',
  errno: 1582,
  sql: '\n' +
    '            SELECT id \n' +
    '            FROM tbl_zone AS dzon\n' +
    '            WHERE ST_Contains(\n' +
    '                dzon.lat_lon_polygon,\n' +
    '                ST_SRID(\n' +
    "                    ST_GeomFromText('POINT(80.1493269 13.1246818)'),\n" +
    '                    4326\n' +
    '                )\n' +
    '            )\n' +
    '            LIMIT 1\n' +
    '        ',
  sqlState: '42000',
  sqlMessage: "Incorrect parameter count in the call to native function 'ST_SRID'"
}
node:internal/process/promises:391
    triggerUncaughtException(err, true /* fromPromise */);
    ^

Error: Incorrect parameter count in the call to native function 'ST_SRID'
    at PromisePool.query (/home/randiant/nodevenv/mytaxi.randiantrise.co.in/20/lib/node_modules/mysql2/lib/promise/pool.js:36:22)
    at mySqlQury (/home/randiant/mytaxi.randiantrise.co.in/middleware/databse_query.js:3:37)
    at DataFind (/home/randiant/mytaxi.randiantrise.co.in/middleware/databse_query.js:9:22)
    at Object.CheckZone (/home/randiant/mytaxi.randiantrise.co.in/route_function/function.js:258:26)
    at /home/randiant/mytaxi.randiantrise.co.in/route_mobile/customer_api.js:480:43
    at process.processTicksAndRejections (node:internal/process/task_queues:95:5) {
  code: 'ER_WRONG_PARAMCOUNT_TO_NATIVE_FCT',
  errno: 1582,
  sql: '\n' +
    '            SELECT id \n' +
    '            FROM tbl_zone AS dzon\n' +
    '            WHERE ST_Contains(\n' +
    '                dzon.lat_lon_polygon,\n' +
    '                ST_SRID(\n' +
    "                    ST_GeomFromText('POINT(80.1493269 13.1246818)'),\n" +
    '                    4326\n' +
    '                )\n' +
    '            )\n' +
    '            LIMIT 1\n' +
    '        ',
  sqlState: '42000',
  sqlMessage: "Incorrect parameter count in the call to native function 'ST_SRID'"
}

Node.js v20.19.4
Database find error: Error: Incorrect parameter count in the call to native function 'ST_SRID'
    at PromisePool.query (/home/randiant/nodevenv/mytaxi.randiantrise.co.in/20/lib/node_modules/mysql2/lib/promise/pool.js:36:22)
    at mySqlQury (/home/randiant/mytaxi.randiantrise.co.in/middleware/databse_query.js:3:37)
    at DataFind (/home/randiant/mytaxi.randiantrise.co.in/middleware/databse_query.js:9:22)
    at Object.CheckZone (/home/randiant/mytaxi.randiantrise.co.in/route_function/function.js:258:26)
    at /home/randiant/mytaxi.randiantrise.co.in/route_mobile/customer_api.js:480:43
    at process.processTicksAndRejections (node:internal/process/task_queues:95:5) {
  code: 'ER_WRONG_PARAMCOUNT_TO_NATIVE_FCT',
  errno: 1582,
  sql: '\n' +
    '            SELECT id \n' +
    '            FROM tbl_zone AS dzon\n' +
    '            WHERE ST_Contains(\n' +
    '                dzon.lat_lon_polygon,\n' +
    '                ST_SRID(\n' +
    "                    ST_GeomFromText('POINT(80.1493269 13.1246818)'),\n" +
    '                    4326\n' +
    '                )\n' +
    '            )\n' +
    '            LIMIT 1\n' +
    '        ',
  sqlState: '42000',
  sqlMessage: "Incorrect parameter count in the call to native function 'ST_SRID'"
}
node:internal/process/promises:391
    triggerUncaughtException(err, true /* fromPromise */);
    ^

Error: Incorrect parameter count in the call to native function 'ST_SRID'
    at PromisePool.query (/home/randiant/nodevenv/mytaxi.randiantrise.co.in/20/lib/node_modules/mysql2/lib/promise/pool.js:36:22)
    at mySqlQury (/home/randiant/mytaxi.randiantrise.co.in/middleware/databse_query.js:3:37)
    at DataFind (/home/randiant/mytaxi.randiantrise.co.in/middleware/databse_query.js:9:22)
    at Object.CheckZone (/home/randiant/mytaxi.randiantrise.co.in/route_function/function.js:258:26)
    at /home/randiant/mytaxi.randiantrise.co.in/route_mobile/customer_api.js:480:43
    at process.processTicksAndRejections (node:internal/process/task_queues:95:5) {
  code: 'ER_WRONG_PARAMCOUNT_TO_NATIVE_FCT',
  errno: 1582,
  sql: '\n' +
    '            SELECT id \n' +
    '            FROM tbl_zone AS dzon\n' +
    '            WHERE ST_Contains(\n' +
    '                dzon.lat_lon_polygon,\n' +
    '                ST_SRID(\n' +
    "                    ST_GeomFromText('POINT(80.1493269 13.1246818)'),\n" +
    '                    4326\n' +
    '                )\n' +
    '            )\n' +
    '            LIMIT 1\n' +
    '        ',
  sqlState: '42000',
  sqlMessage: "Incorrect parameter count in the call to native function 'ST_SRID'"
}

Node.js v20.19.4
Database find error: Error: Incorrect parameter count in the call to native function 'ST_SRID'
    at PromisePool.query (/home/randiant/nodevenv/mytaxi.randiantrise.co.in/20/lib/node_modules/mysql2/lib/promise/pool.js:36:22)
    at mySqlQury (/home/randiant/mytaxi.randiantrise.co.in/middleware/databse_query.js:3:37)
    at DataFind (/home/randiant/mytaxi.randiantrise.co.in/middleware/databse_query.js:9:22)
    at Object.CheckZone (/home/randiant/mytaxi.randiantrise.co.in/route_function/function.js:258:26)
    at /home/randiant/mytaxi.randiantrise.co.in/route_mobile/customer_api.js:480:43
    at process.processTicksAndRejections (node:internal/process/task_queues:95:5) {
  code: 'ER_WRONG_PARAMCOUNT_TO_NATIVE_FCT',
  errno: 1582,
  sql: '\n' +
    '            SELECT id \n' +
    '            FROM tbl_zone AS dzon\n' +
    '            WHERE ST_Contains(\n' +
    '                dzon.lat_lon_polygon,\n' +
    '                ST_SRID(\n' +
    "                    ST_GeomFromText('POINT(80.1493269 13.1246818)'),\n" +
    '                    4326\n' +
    '                )\n' +
    '            )\n' +
    '            LIMIT 1\n' +
    '        ',
  sqlState: '42000',
  sqlMessage: "Incorrect parameter count in the call to native function 'ST_SRID'"
}
node:internal/process/promises:391
    triggerUncaughtException(err, true /* fromPromise */);
    ^

Error: Incorrect parameter count in the call to native function 'ST_SRID'
    at PromisePool.query (/home/randiant/nodevenv/mytaxi.randiantrise.co.in/20/lib/node_modules/mysql2/lib/promise/pool.js:36:22)
    at mySqlQury (/home/randiant/mytaxi.randiantrise.co.in/middleware/databse_query.js:3:37)
    at DataFind (/home/randiant/mytaxi.randiantrise.co.in/middleware/databse_query.js:9:22)
    at Object.CheckZone (/home/randiant/mytaxi.randiantrise.co.in/route_function/function.js:258:26)
    at /home/randiant/mytaxi.randiantrise.co.in/route_mobile/customer_api.js:480:43
    at process.processTicksAndRejections (node:internal/process/task_queues:95:5) {
  code: 'ER_WRONG_PARAMCOUNT_TO_NATIVE_FCT',
  errno: 1582,
  sql: '\n' +
    '            SELECT id \n' +
    '            FROM tbl_zone AS dzon\n' +
    '            WHERE ST_Contains(\n' +
    '                dzon.lat_lon_polygon,\n' +
    '                ST_SRID(\n' +
    "                    ST_GeomFromText('POINT(80.1493269 13.1246818)'),\n" +
    '                    4326\n' +
    '                )\n' +
    '            )\n' +
    '            LIMIT 1\n' +
    '        ',
  sqlState: '42000',
  sqlMessage: "Incorrect parameter count in the call to native function 'ST_SRID'"
}

Node.js v20.19.4
Database find error: Error: Incorrect parameter count in the call to native function 'ST_SRID'
    at PromisePool.query (/home/randiant/nodevenv/mytaxi.randiantrise.co.in/20/lib/node_modules/mysql2/lib/promise/pool.js:36:22)
    at mySqlQury (/home/randiant/mytaxi.randiantrise.co.in/middleware/databse_query.js:3:37)
    at DataFind (/home/randiant/mytaxi.randiantrise.co.in/middleware/databse_query.js:9:22)
    at Object.CheckZone (/home/randiant/mytaxi.randiantrise.co.in/route_function/function.js:258:26)
    at /home/randiant/mytaxi.randiantrise.co.in/route_mobile/customer_api.js:480:43
    at process.processTicksAndRejections (node:internal/process/task_queues:95:5) {
  code: 'ER_WRONG_PARAMCOUNT_TO_NATIVE_FCT',
  errno: 1582,
  sql: '\n' +
    '            SELECT id \n' +
    '            FROM tbl_zone AS dzon\n' +
    '            WHERE ST_Contains(\n' +
    '                dzon.lat_lon_polygon,\n' +
    '                ST_SRID(\n' +
    "                    ST_GeomFromText('POINT(80.12133669108152 13.180479242620045)'),\n" +
    '                    4326\n' +
    '                )\n' +
    '            )\n' +
    '            LIMIT 1\n' +
    '        ',
  sqlState: '42000',
  sqlMessage: "Incorrect parameter count in the call to native function 'ST_SRID'"
}
node:internal/process/promises:391
    triggerUncaughtException(err, true /* fromPromise */);
    ^

Error: Incorrect parameter count in the call to native function 'ST_SRID'
    at PromisePool.query (/home/randiant/nodevenv/mytaxi.randiantrise.co.in/20/lib/node_modules/mysql2/lib/promise/pool.js:36:22)
    at mySqlQury (/home/randiant/mytaxi.randiantrise.co.in/middleware/databse_query.js:3:37)
    at DataFind (/home/randiant/mytaxi.randiantrise.co.in/middleware/databse_query.js:9:22)
    at Object.CheckZone (/home/randiant/mytaxi.randiantrise.co.in/route_function/function.js:258:26)
    at /home/randiant/mytaxi.randiantrise.co.in/route_mobile/customer_api.js:480:43
    at process.processTicksAndRejections (node:internal/process/task_queues:95:5) {
  code: 'ER_WRONG_PARAMCOUNT_TO_NATIVE_FCT',
  errno: 1582,
  sql: '\n' +
    '            SELECT id \n' +
    '            FROM tbl_zone AS dzon\n' +
    '            WHERE ST_Contains(\n' +
    '                dzon.lat_lon_polygon,\n' +
    '                ST_SRID(\n' +
    "                    ST_GeomFromText('POINT(80.12133669108152 13.180479242620045)'),\n" +
    '                    4326\n' +
    '                )\n' +
    '            )\n' +
    '            LIMIT 1\n' +
    '        ',
  sqlState: '42000',
  sqlMessage: "Incorrect parameter count in the call to native function 'ST_SRID'"
}

Node.js v20.19.4
Database find error: Error: Incorrect parameter count in the call to native function 'ST_SRID'
    at PromisePool.query (/home/randiant/nodevenv/mytaxi.randiantrise.co.in/20/lib/node_modules/mysql2/lib/promise/pool.js:36:22)
    at mySqlQury (/home/randiant/mytaxi.randiantrise.co.in/middleware/databse_query.js:3:37)
    at DataFind (/home/randiant/mytaxi.randiantrise.co.in/middleware/databse_query.js:9:22)
    at Object.CheckZone (/home/randiant/mytaxi.randiantrise.co.in/route_function/function.js:258:26)
    at /home/randiant/mytaxi.randiantrise.co.in/route_mobile/customer_api.js:480:43
    at process.processTicksAndRejections (node:internal/process/task_queues:95:5) {
  code: 'ER_WRONG_PARAMCOUNT_TO_NATIVE_FCT',
  errno: 1582,
  sql: '\n' +
    '            SELECT id \n' +
    '            FROM tbl_zone AS dzon\n' +
    '            WHERE ST_Contains(\n' +
    '                dzon.lat_lon_polygon,\n' +
    '                ST_SRID(\n' +
    "                    ST_GeomFromText('POINT(80.12133669108152 13.180479242620045)'),\n" +
    '                    4326\n' +
    '                )\n' +
    '            )\n' +
    '            LIMIT 1\n' +
    '        ',
  sqlState: '42000',
  sqlMessage: "Incorrect parameter count in the call to native function 'ST_SRID'"
}
node:internal/process/promises:391
    triggerUncaughtException(err, true /* fromPromise */);
    ^

Error: Incorrect parameter count in the call to native function 'ST_SRID'
    at PromisePool.query (/home/randiant/nodevenv/mytaxi.randiantrise.co.in/20/lib/node_modules/mysql2/lib/promise/pool.js:36:22)
    at mySqlQury (/home/randiant/mytaxi.randiantrise.co.in/middleware/databse_query.js:3:37)
    at DataFind (/home/randiant/mytaxi.randiantrise.co.in/middleware/databse_query.js:9:22)
    at Object.CheckZone (/home/randiant/mytaxi.randiantrise.co.in/route_function/function.js:258:26)
    at /home/randiant/mytaxi.randiantrise.co.in/route_mobile/customer_api.js:480:43
    at process.processTicksAndRejections (node:internal/process/task_queues:95:5) {
  code: 'ER_WRONG_PARAMCOUNT_TO_NATIVE_FCT',
  errno: 1582,
  sql: '\n' +
    '            SELECT id \n' +
    '            FROM tbl_zone AS dzon\n' +
    '            WHERE ST_Contains(\n' +
    '                dzon.lat_lon_polygon,\n' +
    '                ST_SRID(\n' +
    "                    ST_GeomFromText('POINT(80.12133669108152 13.180479242620045)'),\n" +
    '                    4326\n' +
    '                )\n' +
    '            )\n' +
    '            LIMIT 1\n' +
    '        ',
  sqlState: '42000',
  sqlMessage: "Incorrect parameter count in the call to native function 'ST_SRID'"
}

Node.js v20.19.4
Database find error: Error: Incorrect parameter count in the call to native function 'ST_SRID'
    at PromisePool.query (/home/randiant/nodevenv/mytaxi.randiantrise.co.in/20/lib/node_modules/mysql2/lib/promise/pool.js:36:22)
    at mySqlQury (/home/randiant/mytaxi.randiantrise.co.in/middleware/databse_query.js:3:37)
    at DataFind (/home/randiant/mytaxi.randiantrise.co.in/middleware/databse_query.js:9:22)
    at Object.CheckZone (/home/randiant/mytaxi.randiantrise.co.in/route_function/function.js:258:26)
    at /home/randiant/mytaxi.randiantrise.co.in/route_mobile/customer_api.js:480:43
    at process.processTicksAndRejections (node:internal/process/task_queues:95:5) {
  code: 'ER_WRONG_PARAMCOUNT_TO_NATIVE_FCT',
  errno: 1582,
  sql: '\n' +
    '            SELECT id \n' +
    '            FROM tbl_zone AS dzon\n' +
    '            WHERE ST_Contains(\n' +
    '                dzon.lat_lon_polygon,\n' +
    '                ST_SRID(\n' +
    "                    ST_GeomFromText('POINT(80.12133669108152 13.180479242620045)'),\n" +
    '                    4326\n' +
    '                )\n' +
    '            )\n' +
    '            LIMIT 1\n' +
    '        ',
  sqlState: '42000',
  sqlMessage: "Incorrect parameter count in the call to native function 'ST_SRID'"
}
node:internal/process/promises:391
    triggerUncaughtException(err, true /* fromPromise */);
    ^

Error: Incorrect parameter count in the call to native function 'ST_SRID'
    at PromisePool.query (/home/randiant/nodevenv/mytaxi.randiantrise.co.in/20/lib/node_modules/mysql2/lib/promise/pool.js:36:22)
    at mySqlQury (/home/randiant/mytaxi.randiantrise.co.in/middleware/databse_query.js:3:37)
    at DataFind (/home/randiant/mytaxi.randiantrise.co.in/middleware/databse_query.js:9:22)
    at Object.CheckZone (/home/randiant/mytaxi.randiantrise.co.in/route_function/function.js:258:26)
    at /home/randiant/mytaxi.randiantrise.co.in/route_mobile/customer_api.js:480:43
    at process.processTicksAndRejections (node:internal/process/task_queues:95:5) {
  code: 'ER_WRONG_PARAMCOUNT_TO_NATIVE_FCT',
  errno: 1582,
  sql: '\n' +
    '            SELECT id \n' +
    '            FROM tbl_zone AS dzon\n' +
    '            WHERE ST_Contains(\n' +
    '                dzon.lat_lon_polygon,\n' +
    '                ST_SRID(\n' +
    "                    ST_GeomFromText('POINT(80.12133669108152 13.180479242620045)'),\n" +
    '                    4326\n' +
    '                )\n' +
    '            )\n' +
    '            LIMIT 1\n' +
    '        ',
  sqlState: '42000',
  sqlMessage: "Incorrect parameter count in the call to native function 'ST_SRID'"
}

Node.js v20.19.4
Database find error: Error: Incorrect parameter count in the call to native function 'ST_SRID'
    at PromisePool.query (/home/randiant/nodevenv/mytaxi.randiantrise.co.in/20/lib/node_modules/mysql2/lib/promise/pool.js:36:22)
    at mySqlQury (/home/randiant/mytaxi.randiantrise.co.in/middleware/databse_query.js:3:37)
    at DataFind (/home/randiant/mytaxi.randiantrise.co.in/middleware/databse_query.js:9:22)
    at Object.CheckZone (/home/randiant/mytaxi.randiantrise.co.in/route_function/function.js:258:26)
    at /home/randiant/mytaxi.randiantrise.co.in/route_mobile/customer_api.js:591:47
    at process.processTicksAndRejections (node:internal/process/task_queues:95:5) {
  code: 'ER_WRONG_PARAMCOUNT_TO_NATIVE_FCT',
  errno: 1582,
  sql: '\n' +
    '            SELECT id \n' +
    '            FROM tbl_zone AS dzon\n' +
    '            WHERE ST_Contains(\n' +
    '                dzon.lat_lon_polygon,\n' +
    '                ST_SRID(\n' +
    "                    ST_GeomFromText('POINT(0 0)'),\n" +
    '                    4326\n' +
    '                )\n' +
    '            )\n' +
    '            LIMIT 1\n' +
    '        ',
  sqlState: '42000',
  sqlMessage: "Incorrect parameter count in the call to native function 'ST_SRID'"
}
Error: Incorrect parameter count in the call to native function 'ST_SRID'
    at PromisePool.query (/home/randiant/nodevenv/mytaxi.randiantrise.co.in/20/lib/node_modules/mysql2/lib/promise/pool.js:36:22)
    at mySqlQury (/home/randiant/mytaxi.randiantrise.co.in/middleware/databse_query.js:3:37)
    at DataFind (/home/randiant/mytaxi.randiantrise.co.in/middleware/databse_query.js:9:22)
    at Object.CheckZone (/home/randiant/mytaxi.randiantrise.co.in/route_function/function.js:258:26)
    at /home/randiant/mytaxi.randiantrise.co.in/route_mobile/customer_api.js:591:47
    at process.processTicksAndRejections (node:internal/process/task_queues:95:5) {
  code: 'ER_WRONG_PARAMCOUNT_TO_NATIVE_FCT',
  errno: 1582,
  sql: '\n' +
    '            SELECT id \n' +
    '            FROM tbl_zone AS dzon\n' +
    '            WHERE ST_Contains(\n' +
    '                dzon.lat_lon_polygon,\n' +
    '                ST_SRID(\n' +
    "                    ST_GeomFromText('POINT(0 0)'),\n" +
    '                    4326\n' +
    '                )\n' +
    '            )\n' +
    '            LIMIT 1\n' +
    '        ',
  sqlState: '42000',
  sqlMessage: "Incorrect parameter count in the call to native function 'ST_SRID'"
}
Database find error: Error: Incorrect parameter count in the call to native function 'ST_SRID'
    at PromisePool.query (/home/randiant/nodevenv/mytaxi.randiantrise.co.in/20/lib/node_modules/mysql2/lib/promise/pool.js:36:22)
    at mySqlQury (/home/randiant/mytaxi.randiantrise.co.in/middleware/databse_query.js:3:37)
    at DataFind (/home/randiant/mytaxi.randiantrise.co.in/middleware/databse_query.js:9:22)
    at Object.CheckZone (/home/randiant/mytaxi.randiantrise.co.in/route_function/function.js:258:26)
    at /home/randiant/mytaxi.randiantrise.co.in/route_mobile/customer_api.js:480:43
    at process.processTicksAndRejections (node:internal/process/task_queues:95:5) {
  code: 'ER_WRONG_PARAMCOUNT_TO_NATIVE_FCT',
  errno: 1582,
  sql: '\n' +
    '            SELECT id \n' +
    '            FROM tbl_zone AS dzon\n' +
    '            WHERE ST_Contains(\n' +
    '                dzon.lat_lon_polygon,\n' +
    '                ST_SRID(\n' +
    "                    ST_GeomFromText('POINT(80.1482662 13.1253773)'),\n" +
    '                    4326\n' +
    '                )\n' +
    '            )\n' +
    '            LIMIT 1\n' +
    '        ',
  sqlState: '42000',
  sqlMessage: "Incorrect parameter count in the call to native function 'ST_SRID'"
}
node:internal/process/promises:391
    triggerUncaughtException(err, true /* fromPromise */);
    ^

Error: Incorrect parameter count in the call to native function 'ST_SRID'
    at PromisePool.query (/home/randiant/nodevenv/mytaxi.randiantrise.co.in/20/lib/node_modules/mysql2/lib/promise/pool.js:36:22)
    at mySqlQury (/home/randiant/mytaxi.randiantrise.co.in/middleware/databse_query.js:3:37)
    at DataFind (/home/randiant/mytaxi.randiantrise.co.in/middleware/databse_query.js:9:22)
    at Object.CheckZone (/home/randiant/mytaxi.randiantrise.co.in/route_function/function.js:258:26)
    at /home/randiant/mytaxi.randiantrise.co.in/route_mobile/customer_api.js:480:43
    at process.processTicksAndRejections (node:internal/process/task_queues:95:5) {
  code: 'ER_WRONG_PARAMCOUNT_TO_NATIVE_FCT',
  errno: 1582,
  sql: '\n' +
    '            SELECT id \n' +
    '            FROM tbl_zone AS dzon\n' +
    '            WHERE ST_Contains(\n' +
    '                dzon.lat_lon_polygon,\n' +
    '                ST_SRID(\n' +
    "                    ST_GeomFromText('POINT(80.1482662 13.1253773)'),\n" +
    '                    4326\n' +
    '                )\n' +
    '            )\n' +
    '            LIMIT 1\n' +
    '        ',
  sqlState: '42000',
  sqlMessage: "Incorrect parameter count in the call to native function 'ST_SRID'"
}

Node.js v20.19.4
Database find error: Error: Incorrect parameter count in the call to native function 'ST_SRID'
    at PromisePool.query (/home/randiant/nodevenv/mytaxi.randiantrise.co.in/20/lib/node_modules/mysql2/lib/promise/pool.js:36:22)
    at mySqlQury (/home/randiant/mytaxi.randiantrise.co.in/middleware/databse_query.js:3:37)
    at DataFind (/home/randiant/mytaxi.randiantrise.co.in/middleware/databse_query.js:9:22)
    at Object.CheckZone (/home/randiant/mytaxi.randiantrise.co.in/route_function/function.js:258:26)
    at /home/randiant/mytaxi.randiantrise.co.in/route_mobile/customer_api.js:480:43
    at process.processTicksAndRejections (node:internal/process/task_queues:95:5) {
  code: 'ER_WRONG_PARAMCOUNT_TO_NATIVE_FCT',
  errno: 1582,
  sql: '\n' +
    '            SELECT id \n' +
    '            FROM tbl_zone AS dzon\n' +
    '            WHERE ST_Contains(\n' +
    '                dzon.lat_lon_polygon,\n' +
    '                ST_SRID(\n' +
    "                    ST_GeomFromText('POINT(80.1482662 13.1253773)'),\n" +
    '                    4326\n' +
    '                )\n' +
    '            )\n' +
    '            LIMIT 1\n' +
    '        ',
  sqlState: '42000',
  sqlMessage: "Incorrect parameter count in the call to native function 'ST_SRID'"
}
node:internal/process/promises:391
    triggerUncaughtException(err, true /* fromPromise */);
    ^

Error: Incorrect parameter count in the call to native function 'ST_SRID'
    at PromisePool.query (/home/randiant/nodevenv/mytaxi.randiantrise.co.in/20/lib/node_modules/mysql2/lib/promise/pool.js:36:22)
    at mySqlQury (/home/randiant/mytaxi.randiantrise.co.in/middleware/databse_query.js:3:37)
    at DataFind (/home/randiant/mytaxi.randiantrise.co.in/middleware/databse_query.js:9:22)
    at Object.CheckZone (/home/randiant/mytaxi.randiantrise.co.in/route_function/function.js:258:26)
    at /home/randiant/mytaxi.randiantrise.co.in/route_mobile/customer_api.js:480:43
    at process.processTicksAndRejections (node:internal/process/task_queues:95:5) {
  code: 'ER_WRONG_PARAMCOUNT_TO_NATIVE_FCT',
  errno: 1582,
  sql: '\n' +
    '            SELECT id \n' +
    '            FROM tbl_zone AS dzon\n' +
    '            WHERE ST_Contains(\n' +
    '                dzon.lat_lon_polygon,\n' +
    '                ST_SRID(\n' +
    "                    ST_GeomFromText('POINT(80.1482662 13.1253773)'),\n" +
    '                    4326\n' +
    '                )\n' +
    '            )\n' +
    '            LIMIT 1\n' +
    '        ',
  sqlState: '42000',
  sqlMessage: "Incorrect parameter count in the call to native function 'ST_SRID'"
}

Node.js v20.19.4
Database find error: Error: Incorrect parameter count in the call to native function 'ST_SRID'
    at PromisePool.query (/home/randiant/nodevenv/mytaxi.randiantrise.co.in/20/lib/node_modules/mysql2/lib/promise/pool.js:36:22)
    at mySqlQury (/home/randiant/mytaxi.randiantrise.co.in/middleware/databse_query.js:3:37)
    at DataFind (/home/randiant/mytaxi.randiantrise.co.in/middleware/databse_query.js:9:22)
    at Object.CheckZone (/home/randiant/mytaxi.randiantrise.co.in/route_function/function.js:258:26)
    at /home/randiant/mytaxi.randiantrise.co.in/route_mobile/customer_api.js:480:43
    at process.processTicksAndRejections (node:internal/process/task_queues:95:5) {
  code: 'ER_WRONG_PARAMCOUNT_TO_NATIVE_FCT',
  errno: 1582,
  sql: '\n' +
    '            SELECT id \n' +
    '            FROM tbl_zone AS dzon\n' +
    '            WHERE ST_Contains(\n' +
    '                dzon.lat_lon_polygon,\n' +
    '                ST_SRID(\n' +
    "                    ST_GeomFromText('POINT(80.1482662 13.1253773)'),\n" +
    '                    4326\n' +
    '                )\n' +
    '            )\n' +
    '            LIMIT 1\n' +
    '        ',
  sqlState: '42000',
  sqlMessage: "Incorrect parameter count in the call to native function 'ST_SRID'"
}
node:internal/process/promises:391
    triggerUncaughtException(err, true /* fromPromise */);
    ^

Error: Incorrect parameter count in the call to native function 'ST_SRID'
    at PromisePool.query (/home/randiant/nodevenv/mytaxi.randiantrise.co.in/20/lib/node_modules/mysql2/lib/promise/pool.js:36:22)
    at mySqlQury (/home/randiant/mytaxi.randiantrise.co.in/middleware/databse_query.js:3:37)
    at DataFind (/home/randiant/mytaxi.randiantrise.co.in/middleware/databse_query.js:9:22)
    at Object.CheckZone (/home/randiant/mytaxi.randiantrise.co.in/route_function/function.js:258:26)
    at /home/randiant/mytaxi.randiantrise.co.in/route_mobile/customer_api.js:480:43
    at process.processTicksAndRejections (node:internal/process/task_queues:95:5) {
  code: 'ER_WRONG_PARAMCOUNT_TO_NATIVE_FCT',
  errno: 1582,
  sql: '\n' +
    '            SELECT id \n' +
    '            FROM tbl_zone AS dzon\n' +
    '            WHERE ST_Contains(\n' +
    '                dzon.lat_lon_polygon,\n' +
    '                ST_SRID(\n' +
    "                    ST_GeomFromText('POINT(80.1482662 13.1253773)'),\n" +
    '                    4326\n' +
    '                )\n' +
    '            )\n' +
    '            LIMIT 1\n' +
    '        ',
  sqlState: '42000',
  sqlMessage: "Incorrect parameter count in the call to native function 'ST_SRID'"
}

Node.js v20.19.4
{
  errors: [
    'Request is malformed: Failed to parse app_id from request',
    'Failed to parse app_id from request (app_id is present but malformed)'
  ]
}
{
  errors: [
    'Request is malformed: Failed to parse app_id from request',
    'Failed to parse app_id from request (app_id is present but malformed)'
  ]
}
{
  errors: [
    'Request is malformed: Failed to parse app_id from request',
    'Failed to parse app_id from request (app_id is present but malformed)'
  ]
}
{
  errors: [
    'Request is malformed: Failed to parse app_id from request',
    'Failed to parse app_id from request (app_id is present but malformed)'
  ]
}
{
  errors: [
    'Request is malformed: Failed to parse app_id from request',
    'Failed to parse app_id from request (app_id is present but malformed)'
  ]
}
{
  errors: [
    'Request is malformed: Failed to parse app_id from request',
    'Failed to parse app_id from request (app_id is present but malformed)'
  ]
}
{
  errors: [
    'Request is malformed: Failed to parse app_id from request',
    'Failed to parse app_id from request (app_id is present but malformed)'
  ]
}
{
  errors: [
    'Request is malformed: Failed to parse app_id from request',
    'Failed to parse app_id from request (app_id is present but malformed)'
  ]
}
{
  errors: [
    'Request is malformed: Failed to parse app_id from request',
    'Failed to parse app_id from request (app_id is present but malformed)'
  ]
}
{
  errors: [
    'Request is malformed: Failed to parse app_id from request',
    'Failed to parse app_id from request (app_id is present but malformed)'
  ]
}
{
  errors: [
    'Request is malformed: Failed to parse app_id from request',
    'Failed to parse app_id from request (app_id is present but malformed)'
  ]
}
{
  errors: [
    'Request is malformed: Failed to parse app_id from request',
    'Failed to parse app_id from request (app_id is present but malformed)'
  ]
}
{
  errors: [
    'Request is malformed: Failed to parse app_id from request',
    'Failed to parse app_id from request (app_id is present but malformed)'
  ]
}
{
  errors: [
    'Request is malformed: Failed to parse app_id from request',
    'Failed to parse app_id from request (app_id is present but malformed)'
  ]
}
{
  errors: [
    'Request is malformed: Failed to parse app_id from request',
    'Failed to parse app_id from request (app_id is present but malformed)'
  ]
}
{
  errors: [
    'Request is malformed: Failed to parse app_id from request',
    'Failed to parse app_id from request (app_id is present but malformed)'
  ]
}
{
  errors: [
    'Request is malformed: Failed to parse app_id from request',
    'Failed to parse app_id from request (app_id is present but malformed)'
  ]
}
{
  errors: [
    'Request is malformed: Failed to parse app_id from request',
    'Failed to parse app_id from request (app_id is present but malformed)'
  ]
}
{
  errors: [
    'Request is malformed: Failed to parse app_id from request',
    'Failed to parse app_id from request (app_id is present but malformed)'
  ]
}
{
  errors: [
    'Request is malformed: Failed to parse app_id from request',
    'Failed to parse app_id from request (app_id is present but malformed)'
  ]
}
{
  errors: [
    'Request is malformed: Failed to parse app_id from request',
    'Failed to parse app_id from request (app_id is present but malformed)'
  ]
}
{
  errors: [
    'Request is malformed: Failed to parse app_id from request',
    'Failed to parse app_id from request (app_id is present but malformed)'
  ]
}
{
  errors: [
    'Request is malformed: Failed to parse app_id from request',
    'Failed to parse app_id from request (app_id is present but malformed)'
  ]
}
{
  errors: [
    'Request is malformed: Failed to parse app_id from request',
    'Failed to parse app_id from request (app_id is present but malformed)'
  ]
}
{
  errors: [
    'Request is malformed: Failed to parse app_id from request',
    'Failed to parse app_id from request (app_id is present but malformed)'
  ]
}
{
  errors: [
    'Request is malformed: Failed to parse app_id from request',
    'Failed to parse app_id from request (app_id is present but malformed)'
  ]
}
{
  errors: [
    'Request is malformed: Failed to parse app_id from request',
    'Failed to parse app_id from request (app_id is present but malformed)'
  ]
}
{
  errors: [
    'Request is malformed: Failed to parse app_id from request',
    'Failed to parse app_id from request (app_id is present but malformed)'
  ]
}
{
  errors: [
    'Request is malformed: Failed to parse app_id from request',
    'Failed to parse app_id from request (app_id is present but malformed)'
  ]
}
{
  errors: [
    'Request is malformed: Failed to parse app_id from request',
    'Failed to parse app_id from request (app_id is present but malformed)'
  ]
}
{
  errors: [
    'Request is malformed: Failed to parse app_id from request',
    'Failed to parse app_id from request (app_id is present but malformed)'
  ]
}
{
  errors: [
    'Request is malformed: Failed to parse app_id from request',
    'Failed to parse app_id from request (app_id is present but malformed)'
  ]
}
{
  errors: [
    'Request is malformed: Failed to parse app_id from request',
    'Failed to parse app_id from request (app_id is present but malformed)'
  ]
}
{
  errors: [
    'Request is malformed: Failed to parse app_id from request',
    'Failed to parse app_id from request (app_id is present but malformed)'
  ]
}
{
  errors: [
    'Request is malformed: Failed to parse app_id from request',
    'Failed to parse app_id from request (app_id is present but malformed)'
  ]
}
{
  errors: [
    'Request is malformed: Failed to parse app_id from request',
    'Failed to parse app_id from request (app_id is present but malformed)'
  ]
}
{
  errors: [
    'Request is malformed: Failed to parse app_id from request',
    'Failed to parse app_id from request (app_id is present but malformed)'
  ]
}
{
  errors: [
    'Request is malformed: Failed to parse app_id from request',
    'Failed to parse app_id from request (app_id is present but malformed)'
  ]
}
{
  errors: [
    'Request is malformed: Failed to parse app_id from request',
    'Failed to parse app_id from request (app_id is present but malformed)'
  ]
}
{
  errors: [
    'Request is malformed: Failed to parse app_id from request',
    'Failed to parse app_id from request (app_id is present but malformed)'
  ]
}
{
  errors: [
    'Request is malformed: Failed to parse app_id from request',
    'Failed to parse app_id from request (app_id is present but malformed)'
  ]
}
{
  errors: [
    'Request is malformed: Failed to parse app_id from request',
    'Failed to parse app_id from request (app_id is present but malformed)'
  ]
}
{
  errors: [
    'Request is malformed: Failed to parse app_id from request',
    'Failed to parse app_id from request (app_id is present but malformed)'
  ]
}
{
  errors: [
    'Request is malformed: Failed to parse app_id from request',
    'Failed to parse app_id from request (app_id is present but malformed)'
  ]
}
{
  errors: [
    'Request is malformed: Failed to parse app_id from request',
    'Failed to parse app_id from request (app_id is present but malformed)'
  ]
}
{
  errors: [
    'Request is malformed: Failed to parse app_id from request',
    'Failed to parse app_id from request (app_id is present but malformed)'
  ]
}
{
  errors: [
    'Request is malformed: Failed to parse app_id from request',
    'Failed to parse app_id from request (app_id is present but malformed)'
  ]
}
